[01:52:03] [main/INFO] (Launcher) ModLauncher running: args [--launchTarget, neoforgeclientdev, --version, 21.8.33, --assetIndex, 1.21.8-26, --assetsDir, /home/raul/.gradle/caches/fabric-loom/assets, --fml.fmlVersion, 9.0.16, --fml.mcVersion, 1.21.8, --fml.neoForgeVersion, 21.8.33, --fml.neoFormVersion, 20250717.133445]
[01:52:03] [main/INFO] (Launcher) JVM identified as Eclipse Adoptium OpenJDK 64-Bit Server VM 21.0.8+9-LTS
[01:52:03] [main/INFO] (Launcher) ModLauncher 9.0 starting: java version 21.0.8 by Eclipse Adoptium; OS Linux arch amd64 version 6.14.0-29-generic
[01:52:04] [main/INFO] (ImmediateWindowHandler) Loading ImmediateWindowProvider fmlearlywindow
[01:52:04] [main/INFO] (mixin) SpongePowered MIXIN Subsystem Version=0.8.7 Source=union:/home/raul/.gradle/caches/modules-2/files-2.1/net.fabricmc/sponge-mixin/0.15.2+mixin.0.8.7/2af2f021d8e02a0220dc27a7a72b4666d66d44ca/sponge-mixin-0.15.2+mixin.0.8.7.jar%23106!/ Service=ModLauncher Env=CLIENT
[01:52:04] [main/INFO] (ModDiscoverer) Found mod file "neoforge-21.8.33-minecraft-merged-1.21.8-loom.mappings.1_21_8.layered+hash.1088308426-v2-neoforge-21.8.33.jar" [locator: neoforge devenv provider ([/home/raul/.gradle/caches/fabric-loom/minecraftMaven/net/minecraft/neoforge-21.8.33-minecraft-merged/1.21.8-loom.mappings.1_21_8.layered+hash.1088308426-v2-neoforge-21.8.33/neoforge-21.8.33-minecraft-merged-1.21.8-loom.mappings.1_21_8.layered+hash.1088308426-v2-neoforge-21.8.33.jar])]
[01:52:04] [main/INFO] (ModDiscoverer) Found mod file "neoforge-21.8.33-minecraft-merged-1.21.8-loom.mappings.1_21_8.layered+hash.1088308426-v2-neoforge-21.8.33.jar" [locator: neoforge devenv provider ([/home/raul/.gradle/caches/fabric-loom/minecraftMaven/net/minecraft/neoforge-21.8.33-minecraft-merged/1.21.8-loom.mappings.1_21_8.layered+hash.1088308426-v2-neoforge-21.8.33/neoforge-21.8.33-minecraft-merged-1.21.8-loom.mappings.1_21_8.layered+hash.1088308426-v2-neoforge-21.8.33.jar])]
[01:52:04] [main/INFO] (ModDiscoverer) Found mod file "main" [locator: userdev mods and services, reader: mod manifest]
[01:52:04] [main/INFO] (ModDiscoverer) Found mod file "geckolib-neoforge-1.21.8-5.2.2.jar" [locator: userdev mods and services, reader: mod manifest]
[01:52:04] [main/INFO] (ModDiscoverer) Found mod file "neoforge-21.8.33-minecraft-merged-1.21.8-loom.mappings.1_21_8.layered+hash.1088308426-v2-neoforge-21.8.33.jar" [locator: userdev mods and services, reader: mod manifest]
[01:52:04] [main/INFO] (ModDiscoverer) Found mod file "architectury-neoforge-2bc0b691-17.0.8.jar" [locator: userdev mods and services, reader: mod manifest]
[01:52:04] [main/INFO] (ModDiscoverer) Found mod file "7125851820136260741.jar" [locator: userdev mods and services, reader: mod manifest]
[01:52:04] [fml-loadingscreen/INFO] (LoadingScreenRenderer) GL info: NVIDIA GeForce RTX 3060 Ti/PCIe/SSE2 GL version 3.2.0 NVIDIA 570.169, NVIDIA Corporation
[01:52:04] [main/INFO] (ModDiscoverer) Found gamelibrary file "mixinextras-neoforge-0.5.0.jar" [locator: userdev mods and services, reader: mod manifest]
[01:52:04] [main/WARN] (JarSelector) Attempted to select a dependency jar for JarJar which was passed in as source: library:mixinextras.neoforge. Using Mod File: /home/raul/.gradle/caches/modules-2/files-2.1/io.github.llamalad7/mixinextras-neoforge/0.5.0/d734b83ce6542bb70ea31755c1595b88992dbe65/mixinextras-neoforge-0.5.0.jar
[01:52:04] [main/INFO] (JarInJarDependencyLocator) Found 1 dependencies adding them to mods collection
[01:52:04] [main/INFO] (ModDiscoverer) Found library file "net.neoforged.neoforge-coremods-21.8.33.jar" [parent: neoforge-21.8.33-minecraft-merged-1.21.8-loom.mappings.1_21_8.layered+hash.1088308426-v2-neoforge-21.8.33.jar, locator: jarinjar, reader: mod manifest]
[01:52:04] [main/INFO] (ModDiscoverer) 
     Mod List:
		Name Version (Mod Id)

		Architectury 17.0.8 (architectury)
		GeckoLib 5 5.2.2 (geckolib)
		generated_9254fac 1 (generated_9254fac)
		Minecraft 1.21.8 (minecraft)
		NeoForge 21.8.33 (neoforge)
		QuackedDucks 1.0.0 (quack)
[01:52:05] [main/INFO] (mixin) Compatibility level set to JAVA_17
[01:52:05] [main/INFO] (mixin) Compatibility level set to JAVA_21
[01:52:05] [main/INFO] (LaunchServiceHandler) Launching target 'neoforgeclientdev' with arguments [--version, 21.8.33, --assetsDir, /home/raul/.gradle/caches/fabric-loom/assets, --assetIndex, 1.21.8-26]
[14Sep2025 01:52:05.229] [main/INFO] [unprotect/]: Found 9438 Minecraft classes
[14Sep2025 01:52:05.250] [main/WARN] [mixin/]: Reference map 'geckolib.refmap.json' for geckolib.mixins.json could not be read. If this is a development environment you can ignore this message
[14Sep2025 01:52:05.575] [main/WARN] [mixin/]: Error loading class: org/jetbrains/annotations/ApiStatus$Internal (java.lang.ClassNotFoundException: org.jetbrains.annotations.ApiStatus$Internal)
[14Sep2025 01:52:06.522] [Datafixer Bootstrap/INFO] [com.mojang.datafixers.DataFixerBuilder/]: 272 Datafixer optimizations took 290 milliseconds
[14Sep2025 01:52:06.649] [pool-12-thread-1/INFO] [MixinExtras|Service/]: Initializing MixinExtras via com.llamalad7.mixinextras.service.MixinExtrasServiceImpl(version=0.5.0).
[14Sep2025 01:52:10.968] [main/WARN] [net.minecraft.commands.Commands/]: Ambiguity between arguments [teleport, location] and [teleport, destination] with inputs: [0.1 -0.5 .9, 0 0 0]
[14Sep2025 01:52:10.969] [main/WARN] [net.minecraft.commands.Commands/]: Ambiguity between arguments [teleport, location] and [teleport, targets] with inputs: [0.1 -0.5 .9, 0 0 0]
[14Sep2025 01:52:10.971] [main/WARN] [net.minecraft.commands.Commands/]: Ambiguity between arguments [teleport, destination] and [teleport, targets] with inputs: [Player, 0123, @e, dd12be42-52a9-4a91-a8a1-11c01849e498]
[14Sep2025 01:52:10.972] [main/WARN] [net.minecraft.commands.Commands/]: Ambiguity between arguments [teleport, targets] and [teleport, destination] with inputs: [Player, 0123, dd12be42-52a9-4a91-a8a1-11c01849e498]
[14Sep2025 01:52:10.973] [main/WARN] [net.minecraft.commands.Commands/]: Ambiguity between arguments [teleport, targets, location] and [teleport, targets, destination] with inputs: [0.1 -0.5 .9, 0 0 0]
[14Sep2025 01:52:10.974] [main/WARN] [net.minecraft.commands.Commands/]: Ambiguity between arguments [waypoint, modify, waypoint, color, reset] and [waypoint, modify, waypoint, color, color] with inputs: [reset]
[14Sep2025 01:52:11.016] [modloading-worker-0/ERROR] [net.neoforged.neoforge.common.OnlyInWarningsHandler/]: The mod architectury uses the @OnlyIn annotation; the runtime member-stripping behaviour of this annotation is no longer present, which may lead to issues if that behaviour was relied upon
[14Sep2025 01:52:11.016] [modloading-worker-0/ERROR] [net.neoforged.neoforge.common.OnlyInWarningsHandler/]: @OnlyIn used on class dev.architectury.platform.Mod$ConfigurationScreenProvider
[14Sep2025 01:52:11.016] [modloading-worker-0/ERROR] [net.neoforged.neoforge.common.OnlyInWarningsHandler/]: @OnlyIn used on method dev.architectury.platform.Mod.registerConfigurationScreen(Ldev/architectury/platform/Mod$ConfigurationScreenProvider;)V
[14Sep2025 01:52:11.016] [modloading-worker-0/ERROR] [net.neoforged.neoforge.common.OnlyInWarningsHandler/]: @OnlyIn used on method dev.architectury.core.fluid.ArchitecturyFluidAttributesForge.initializeClient()Lnet/neoforged/neoforge/client/extensions/common/IClientFluidTypeExtensions;
[14Sep2025 01:52:11.017] [modloading-worker-0/ERROR] [net.neoforged.neoforge.common.OnlyInWarningsHandler/]: @OnlyIn used on method dev.architectury.core.fluid.ArchitecturyFluidAttributesForge.registerClient()V
[14Sep2025 01:52:11.017] [modloading-worker-0/ERROR] [net.neoforged.neoforge.common.OnlyInWarningsHandler/]: @OnlyIn used on method dev.architectury.networking.NetworkChannel.canServerReceive(Ljava/lang/Class;)Z
[14Sep2025 01:52:11.017] [modloading-worker-0/ERROR] [net.neoforged.neoforge.common.OnlyInWarningsHandler/]: @OnlyIn used on method dev.architectury.networking.NetworkChannel.sendToServer(Ljava/lang/Object;)V
[14Sep2025 01:52:11.017] [modloading-worker-0/ERROR] [net.neoforged.neoforge.common.OnlyInWarningsHandler/]: @OnlyIn used on method dev.architectury.networking.NetworkManager.canServerReceive(Lnet/minecraft/network/protocol/common/custom/CustomPacketPayload$Type;)Z
[14Sep2025 01:52:11.017] [modloading-worker-0/ERROR] [net.neoforged.neoforge.common.OnlyInWarningsHandler/]: @OnlyIn used on method dev.architectury.networking.NetworkManager.canServerReceive(Lnet/minecraft/resources/ResourceLocation;)Z
[14Sep2025 01:52:11.017] [modloading-worker-0/ERROR] [net.neoforged.neoforge.common.OnlyInWarningsHandler/]: @OnlyIn used on method dev.architectury.networking.NetworkManager.sendToServer(Lnet/minecraft/network/protocol/common/custom/CustomPacketPayload;)V
[14Sep2025 01:52:11.017] [modloading-worker-0/ERROR] [net.neoforged.neoforge.common.OnlyInWarningsHandler/]: @OnlyIn used on method dev.architectury.networking.NetworkManager.sendToServer(Lnet/minecraft/resources/ResourceLocation;Lnet/minecraft/network/RegistryFriendlyByteBuf;)V
[14Sep2025 01:52:11.017] [modloading-worker-0/ERROR] [net.neoforged.neoforge.common.OnlyInWarningsHandler/]: @OnlyIn used on method dev.architectury.networking.forge.NetworkManagerImpl.canServerReceive(Lnet/minecraft/resources/ResourceLocation;)Z
[14Sep2025 01:52:11.017] [modloading-worker-0/ERROR] [net.neoforged.neoforge.common.OnlyInWarningsHandler/]: @OnlyIn used on method dev.architectury.networking.simple.BaseC2SMessage.sendToServer()V
[14Sep2025 01:52:11.017] [modloading-worker-0/ERROR] [net.neoforged.neoforge.common.OnlyInWarningsHandler/]: @OnlyIn used on method dev.architectury.networking.SpawnEntityPacket$Client.receive(Ldev/architectury/networking/SpawnEntityPacket$PacketPayload;Ldev/architectury/networking/NetworkManager$PacketContext;)V
[14Sep2025 01:52:11.017] [modloading-worker-0/ERROR] [net.neoforged.neoforge.common.OnlyInWarningsHandler/]: @OnlyIn used on method dev.architectury.networking.SpawnEntityPacket$Client.register()V
[14Sep2025 01:52:11.017] [modloading-worker-0/ERROR] [net.neoforged.neoforge.common.OnlyInWarningsHandler/]: @OnlyIn used on class dev.architectury.networking.SpawnEntityPacket$Client
[14Sep2025 01:52:11.017] [modloading-worker-0/ERROR] [net.neoforged.neoforge.common.OnlyInWarningsHandler/]: @OnlyIn used on method dev.architectury.networking.transformers.SplitPacketTransformer$Client.init()V
[14Sep2025 01:52:11.018] [modloading-worker-0/ERROR] [net.neoforged.neoforge.common.OnlyInWarningsHandler/]: @OnlyIn used on method dev.architectury.networking.transformers.PacketSink.client()Ldev/architectury/networking/transformers/PacketSink;
[14Sep2025 01:52:11.018] [modloading-worker-0/ERROR] [net.neoforged.neoforge.common.OnlyInWarningsHandler/]: @OnlyIn used on method dev.architectury.utils.GameInstance.getClient()Lnet/minecraft/client/Minecraft;
[14Sep2025 01:52:11.018] [modloading-worker-0/ERROR] [net.neoforged.neoforge.common.OnlyInWarningsHandler/]: @OnlyIn used on class dev.architectury.hooks.client.screen.ScreenHooks
[14Sep2025 01:52:11.018] [modloading-worker-0/ERROR] [net.neoforged.neoforge.common.OnlyInWarningsHandler/]: @OnlyIn used on method dev.architectury.hooks.fluid.FluidStackHooks.getColor(Lnet/minecraft/world/level/material/Fluid;)I
[14Sep2025 01:52:11.018] [modloading-worker-0/ERROR] [net.neoforged.neoforge.common.OnlyInWarningsHandler/]: @OnlyIn used on method dev.architectury.hooks.fluid.FluidStackHooks.getColor(Ldev/architectury/fluid/FluidStack;)I
[14Sep2025 01:52:11.018] [modloading-worker-0/ERROR] [net.neoforged.neoforge.common.OnlyInWarningsHandler/]: @OnlyIn used on method dev.architectury.hooks.fluid.FluidStackHooks.getColor(Lnet/minecraft/world/level/BlockAndTintGetter;Lnet/minecraft/core/BlockPos;Lnet/minecraft/world/level/material/FluidState;)I
[14Sep2025 01:52:11.018] [modloading-worker-0/ERROR] [net.neoforged.neoforge.common.OnlyInWarningsHandler/]: @OnlyIn used on method dev.architectury.hooks.fluid.FluidStackHooks.getFlowingTexture(Lnet/minecraft/world/level/material/Fluid;)Lnet/minecraft/client/renderer/texture/TextureAtlasSprite;
[14Sep2025 01:52:11.018] [modloading-worker-0/ERROR] [net.neoforged.neoforge.common.OnlyInWarningsHandler/]: @OnlyIn used on method dev.architectury.hooks.fluid.FluidStackHooks.getFlowingTexture(Ldev/architectury/fluid/FluidStack;)Lnet/minecraft/client/renderer/texture/TextureAtlasSprite;
[14Sep2025 01:52:11.018] [modloading-worker-0/ERROR] [net.neoforged.neoforge.common.OnlyInWarningsHandler/]: @OnlyIn used on method dev.architectury.hooks.fluid.FluidStackHooks.getFlowingTexture(Lnet/minecraft/world/level/BlockAndTintGetter;Lnet/minecraft/core/BlockPos;Lnet/minecraft/world/level/material/FluidState;)Lnet/minecraft/client/renderer/texture/TextureAtlasSprite;
[14Sep2025 01:52:11.018] [modloading-worker-0/ERROR] [net.neoforged.neoforge.common.OnlyInWarningsHandler/]: @OnlyIn used on method dev.architectury.hooks.fluid.FluidStackHooks.getStillTexture(Lnet/minecraft/world/level/material/Fluid;)Lnet/minecraft/client/renderer/texture/TextureAtlasSprite;
[14Sep2025 01:52:11.018] [modloading-worker-0/ERROR] [net.neoforged.neoforge.common.OnlyInWarningsHandler/]: @OnlyIn used on method dev.architectury.hooks.fluid.FluidStackHooks.getStillTexture(Ldev/architectury/fluid/FluidStack;)Lnet/minecraft/client/renderer/texture/TextureAtlasSprite;
[14Sep2025 01:52:11.018] [modloading-worker-0/ERROR] [net.neoforged.neoforge.common.OnlyInWarningsHandler/]: @OnlyIn used on method dev.architectury.hooks.fluid.FluidStackHooks.getStillTexture(Lnet/minecraft/world/level/BlockAndTintGetter;Lnet/minecraft/core/BlockPos;Lnet/minecraft/world/level/material/FluidState;)Lnet/minecraft/client/renderer/texture/TextureAtlasSprite;
[14Sep2025 01:52:11.018] [modloading-worker-0/ERROR] [net.neoforged.neoforge.common.OnlyInWarningsHandler/]: @OnlyIn used on method dev.architectury.hooks.fluid.forge.FluidStackHooksImpl.getColor(Lnet/minecraft/world/level/material/Fluid;)I
[14Sep2025 01:52:11.018] [modloading-worker-0/ERROR] [net.neoforged.neoforge.common.OnlyInWarningsHandler/]: @OnlyIn used on method dev.architectury.hooks.fluid.forge.FluidStackHooksImpl.getColor(Ldev/architectury/fluid/FluidStack;)I
[14Sep2025 01:52:11.018] [modloading-worker-0/ERROR] [net.neoforged.neoforge.common.OnlyInWarningsHandler/]: @OnlyIn used on method dev.architectury.hooks.fluid.forge.FluidStackHooksImpl.getColor(Lnet/minecraft/world/level/BlockAndTintGetter;Lnet/minecraft/core/BlockPos;Lnet/minecraft/world/level/material/FluidState;)I
[14Sep2025 01:52:11.019] [modloading-worker-0/ERROR] [net.neoforged.neoforge.common.OnlyInWarningsHandler/]: @OnlyIn used on method dev.architectury.hooks.fluid.forge.FluidStackHooksImpl.getFlowingTexture(Lnet/minecraft/world/level/material/Fluid;)Lnet/minecraft/client/renderer/texture/TextureAtlasSprite;
[14Sep2025 01:52:11.019] [modloading-worker-0/ERROR] [net.neoforged.neoforge.common.OnlyInWarningsHandler/]: @OnlyIn used on method dev.architectury.hooks.fluid.forge.FluidStackHooksImpl.getFlowingTexture(Ldev/architectury/fluid/FluidStack;)Lnet/minecraft/client/renderer/texture/TextureAtlasSprite;
[14Sep2025 01:52:11.019] [modloading-worker-0/ERROR] [net.neoforged.neoforge.common.OnlyInWarningsHandler/]: @OnlyIn used on method dev.architectury.hooks.fluid.forge.FluidStackHooksImpl.getFlowingTexture(Lnet/minecraft/world/level/BlockAndTintGetter;Lnet/minecraft/core/BlockPos;Lnet/minecraft/world/level/material/FluidState;)Lnet/minecraft/client/renderer/texture/TextureAtlasSprite;
[14Sep2025 01:52:11.019] [modloading-worker-0/ERROR] [net.neoforged.neoforge.common.OnlyInWarningsHandler/]: @OnlyIn used on method dev.architectury.hooks.fluid.forge.FluidStackHooksImpl.getStillTexture(Lnet/minecraft/world/level/material/Fluid;)Lnet/minecraft/client/renderer/texture/TextureAtlasSprite;
[14Sep2025 01:52:11.019] [modloading-worker-0/ERROR] [net.neoforged.neoforge.common.OnlyInWarningsHandler/]: @OnlyIn used on method dev.architectury.hooks.fluid.forge.FluidStackHooksImpl.getStillTexture(Ldev/architectury/fluid/FluidStack;)Lnet/minecraft/client/renderer/texture/TextureAtlasSprite;
[14Sep2025 01:52:11.019] [modloading-worker-0/ERROR] [net.neoforged.neoforge.common.OnlyInWarningsHandler/]: @OnlyIn used on method dev.architectury.hooks.fluid.forge.FluidStackHooksImpl.getStillTexture(Lnet/minecraft/world/level/BlockAndTintGetter;Lnet/minecraft/core/BlockPos;Lnet/minecraft/world/level/material/FluidState;)Lnet/minecraft/client/renderer/texture/TextureAtlasSprite;
[14Sep2025 01:52:11.019] [modloading-worker-0/ERROR] [net.neoforged.neoforge.common.OnlyInWarningsHandler/]: @OnlyIn used on method dev.architectury.registry.menu.MenuRegistry.registerScreenFactory(Lnet/minecraft/world/inventory/MenuType;Ldev/architectury/registry/menu/MenuRegistry$ScreenFactory;)V
[14Sep2025 01:52:11.019] [modloading-worker-0/ERROR] [net.neoforged.neoforge.common.OnlyInWarningsHandler/]: @OnlyIn used on class dev.architectury.registry.menu.MenuRegistry$ScreenFactory
[14Sep2025 01:52:11.019] [modloading-worker-0/ERROR] [net.neoforged.neoforge.common.OnlyInWarningsHandler/]: @OnlyIn used on method dev.architectury.registry.menu.forge.MenuRegistryImpl.registerScreenFactory(Lnet/minecraft/world/inventory/MenuType;Ldev/architectury/registry/menu/MenuRegistry$ScreenFactory;)V
[14Sep2025 01:52:11.019] [modloading-worker-0/ERROR] [net.neoforged.neoforge.common.OnlyInWarningsHandler/]: @OnlyIn used on method dev.architectury.registry.forge.ReloadListenerRegistryImpl.addClientReloadListeners(Lnet/neoforged/neoforge/client/event/AddClientReloadListenersEvent;)V
[14Sep2025 01:52:11.019] [modloading-worker-0/ERROR] [net.neoforged.neoforge.common.OnlyInWarningsHandler/]: @OnlyIn used on class dev.architectury.registry.client.keymappings.KeyMappingRegistry
[14Sep2025 01:52:11.019] [modloading-worker-0/ERROR] [net.neoforged.neoforge.common.OnlyInWarningsHandler/]: @OnlyIn used on class dev.architectury.registry.client.level.entity.EntityRendererRegistry
[14Sep2025 01:52:11.019] [modloading-worker-0/ERROR] [net.neoforged.neoforge.common.OnlyInWarningsHandler/]: @OnlyIn used on class dev.architectury.registry.client.level.entity.EntityModelLayerRegistry
[14Sep2025 01:52:11.019] [modloading-worker-0/ERROR] [net.neoforged.neoforge.common.OnlyInWarningsHandler/]: @OnlyIn used on class dev.architectury.registry.client.gui.forge.ClientTooltipComponentRegistryImpl
[14Sep2025 01:52:11.019] [modloading-worker-0/ERROR] [net.neoforged.neoforge.common.OnlyInWarningsHandler/]: @OnlyIn used on class dev.architectury.registry.client.gui.ClientTooltipComponentRegistry
[14Sep2025 01:52:11.019] [modloading-worker-0/ERROR] [net.neoforged.neoforge.common.OnlyInWarningsHandler/]: @OnlyIn used on class dev.architectury.registry.client.rendering.RenderTypeRegistry
[14Sep2025 01:52:11.019] [modloading-worker-0/ERROR] [net.neoforged.neoforge.common.OnlyInWarningsHandler/]: @OnlyIn used on class dev.architectury.registry.client.rendering.ColorHandlerRegistry
[14Sep2025 01:52:11.020] [modloading-worker-0/ERROR] [net.neoforged.neoforge.common.OnlyInWarningsHandler/]: @OnlyIn used on class dev.architectury.registry.client.rendering.BlockEntityRendererRegistry
[14Sep2025 01:52:11.020] [modloading-worker-0/ERROR] [net.neoforged.neoforge.common.OnlyInWarningsHandler/]: @OnlyIn used on class dev.architectury.registry.client.particle.ParticleProviderRegistry
[14Sep2025 01:52:11.020] [modloading-worker-0/ERROR] [net.neoforged.neoforge.common.OnlyInWarningsHandler/]: @OnlyIn used on method dev.architectury.event.EventHandler.registerServer()V
[14Sep2025 01:52:11.020] [modloading-worker-0/ERROR] [net.neoforged.neoforge.common.OnlyInWarningsHandler/]: @OnlyIn used on method dev.architectury.event.EventHandler.registerClient()V
[14Sep2025 01:52:11.020] [modloading-worker-0/ERROR] [net.neoforged.neoforge.common.OnlyInWarningsHandler/]: @OnlyIn used on class dev.architectury.event.forge.EventHandlerImplServer$ModBasedEventHandler
[14Sep2025 01:52:11.020] [modloading-worker-0/ERROR] [net.neoforged.neoforge.common.OnlyInWarningsHandler/]: @OnlyIn used on class dev.architectury.event.forge.EventHandlerImplClient$ModBasedEventHandler
[14Sep2025 01:52:11.020] [modloading-worker-0/ERROR] [net.neoforged.neoforge.common.OnlyInWarningsHandler/]: @OnlyIn used on class dev.architectury.event.forge.EventHandlerImplServer
[14Sep2025 01:52:11.020] [modloading-worker-0/ERROR] [net.neoforged.neoforge.common.OnlyInWarningsHandler/]: @OnlyIn used on method dev.architectury.event.forge.EventHandlerImpl.registerServer()V
[14Sep2025 01:52:11.020] [modloading-worker-0/ERROR] [net.neoforged.neoforge.common.OnlyInWarningsHandler/]: @OnlyIn used on method dev.architectury.event.forge.EventHandlerImpl.registerClient()V
[14Sep2025 01:52:11.020] [modloading-worker-0/ERROR] [net.neoforged.neoforge.common.OnlyInWarningsHandler/]: @OnlyIn used on class dev.architectury.event.forge.EventHandlerImplClient
[14Sep2025 01:52:11.020] [modloading-worker-0/ERROR] [net.neoforged.neoforge.common.OnlyInWarningsHandler/]: @OnlyIn used on class dev.architectury.event.events.client.ClientRawInputEvent
[14Sep2025 01:52:11.020] [modloading-worker-0/ERROR] [net.neoforged.neoforge.common.OnlyInWarningsHandler/]: @OnlyIn used on class dev.architectury.event.events.client.ClientPlayerEvent$ClientPlayerQuit
[14Sep2025 01:52:11.020] [modloading-worker-0/ERROR] [net.neoforged.neoforge.common.OnlyInWarningsHandler/]: @OnlyIn used on class dev.architectury.event.events.client.ClientGuiEvent$ContainerScreenRenderForeground
[14Sep2025 01:52:11.020] [modloading-worker-0/ERROR] [net.neoforged.neoforge.common.OnlyInWarningsHandler/]: @OnlyIn used on class dev.architectury.event.events.client.ClientGuiEvent$RenderHud
[14Sep2025 01:52:11.020] [modloading-worker-0/ERROR] [net.neoforged.neoforge.common.OnlyInWarningsHandler/]: @OnlyIn used on class dev.architectury.event.events.client.ClientGuiEvent
[14Sep2025 01:52:11.020] [modloading-worker-0/ERROR] [net.neoforged.neoforge.common.OnlyInWarningsHandler/]: @OnlyIn used on class dev.architectury.event.events.client.ClientTooltipEvent$RenderModifyPosition
[14Sep2025 01:52:11.020] [modloading-worker-0/ERROR] [net.neoforged.neoforge.common.OnlyInWarningsHandler/]: @OnlyIn used on class dev.architectury.event.events.client.ClientScreenInputEvent
[14Sep2025 01:52:11.020] [modloading-worker-0/ERROR] [net.neoforged.neoforge.common.OnlyInWarningsHandler/]: @OnlyIn used on class dev.architectury.event.events.client.ClientLifecycleEvent$ClientState
[14Sep2025 01:52:11.021] [modloading-worker-0/ERROR] [net.neoforged.neoforge.common.OnlyInWarningsHandler/]: @OnlyIn used on class dev.architectury.event.events.client.ClientSystemMessageEvent
[14Sep2025 01:52:11.021] [modloading-worker-0/ERROR] [net.neoforged.neoforge.common.OnlyInWarningsHandler/]: @OnlyIn used on class dev.architectury.event.events.client.ClientTickEvent$Client
[14Sep2025 01:52:11.021] [modloading-worker-0/ERROR] [net.neoforged.neoforge.common.OnlyInWarningsHandler/]: @OnlyIn used on class dev.architectury.event.events.client.ClientLifecycleEvent
[14Sep2025 01:52:11.021] [modloading-worker-0/ERROR] [net.neoforged.neoforge.common.OnlyInWarningsHandler/]: @OnlyIn used on class dev.architectury.event.events.client.ClientTickEvent
[14Sep2025 01:52:11.021] [modloading-worker-0/ERROR] [net.neoforged.neoforge.common.OnlyInWarningsHandler/]: @OnlyIn used on class dev.architectury.event.events.client.ClientLifecycleEvent$ClientLevelState
[14Sep2025 01:52:11.021] [modloading-worker-0/ERROR] [net.neoforged.neoforge.common.OnlyInWarningsHandler/]: @OnlyIn used on class dev.architectury.event.events.client.ClientGuiEvent$ScreenInitPre
[14Sep2025 01:52:11.021] [modloading-worker-0/ERROR] [net.neoforged.neoforge.common.OnlyInWarningsHandler/]: @OnlyIn used on class dev.architectury.event.events.client.ClientPlayerEvent$ClientPlayerRespawn
[14Sep2025 01:52:11.021] [modloading-worker-0/ERROR] [net.neoforged.neoforge.common.OnlyInWarningsHandler/]: @OnlyIn used on class dev.architectury.event.events.client.ClientPlayerEvent$ClientPlayerJoin
[14Sep2025 01:52:11.021] [modloading-worker-0/ERROR] [net.neoforged.neoforge.common.OnlyInWarningsHandler/]: @OnlyIn used on class dev.architectury.event.events.client.ClientTooltipEvent$Render
[14Sep2025 01:52:11.021] [modloading-worker-0/ERROR] [net.neoforged.neoforge.common.OnlyInWarningsHandler/]: @OnlyIn used on class dev.architectury.event.events.client.ClientRecipeUpdateEvent
[14Sep2025 01:52:11.021] [modloading-worker-0/ERROR] [net.neoforged.neoforge.common.OnlyInWarningsHandler/]: @OnlyIn used on class dev.architectury.event.events.client.ClientGuiEvent$DebugText
[14Sep2025 01:52:11.021] [modloading-worker-0/ERROR] [net.neoforged.neoforge.common.OnlyInWarningsHandler/]: @OnlyIn used on class dev.architectury.event.events.client.ClientChatEvent
[14Sep2025 01:52:11.021] [modloading-worker-0/ERROR] [net.neoforged.neoforge.common.OnlyInWarningsHandler/]: @OnlyIn used on class dev.architectury.event.events.client.ClientChatEvent$Received
[14Sep2025 01:52:11.021] [modloading-worker-0/ERROR] [net.neoforged.neoforge.common.OnlyInWarningsHandler/]: @OnlyIn used on class dev.architectury.event.events.client.ClientTooltipEvent$PositionContext
[14Sep2025 01:52:11.021] [modloading-worker-0/ERROR] [net.neoforged.neoforge.common.OnlyInWarningsHandler/]: @OnlyIn used on class dev.architectury.event.events.client.ClientGuiEvent$ContainerScreenRenderBackground
[14Sep2025 01:52:11.022] [modloading-worker-0/ERROR] [net.neoforged.neoforge.common.OnlyInWarningsHandler/]: @OnlyIn used on class dev.architectury.event.events.client.ClientTooltipEvent$Item
[14Sep2025 01:52:11.022] [modloading-worker-0/ERROR] [net.neoforged.neoforge.common.OnlyInWarningsHandler/]: @OnlyIn used on class dev.architectury.event.events.client.ClientChatEvent$Send
[14Sep2025 01:52:11.022] [modloading-worker-0/ERROR] [net.neoforged.neoforge.common.OnlyInWarningsHandler/]: @OnlyIn used on class dev.architectury.event.events.client.ClientSystemMessageEvent$Received
[14Sep2025 01:52:11.022] [modloading-worker-0/ERROR] [net.neoforged.neoforge.common.OnlyInWarningsHandler/]: @OnlyIn used on class dev.architectury.event.events.client.ClientGuiEvent$ScreenRenderPre
[14Sep2025 01:52:11.022] [modloading-worker-0/ERROR] [net.neoforged.neoforge.common.OnlyInWarningsHandler/]: @OnlyIn used on class dev.architectury.event.events.client.ClientGuiEvent$ScreenRenderPost
[14Sep2025 01:52:11.022] [modloading-worker-0/ERROR] [net.neoforged.neoforge.common.OnlyInWarningsHandler/]: @OnlyIn used on class dev.architectury.event.events.client.ClientPlayerEvent
[14Sep2025 01:52:11.022] [modloading-worker-0/ERROR] [net.neoforged.neoforge.common.OnlyInWarningsHandler/]: @OnlyIn used on class dev.architectury.event.events.client.ClientTickEvent$ClientLevel
[14Sep2025 01:52:11.022] [modloading-worker-0/ERROR] [net.neoforged.neoforge.common.OnlyInWarningsHandler/]: @OnlyIn used on class dev.architectury.event.events.client.ClientTooltipEvent
[14Sep2025 01:52:11.022] [modloading-worker-0/ERROR] [net.neoforged.neoforge.common.OnlyInWarningsHandler/]: @OnlyIn used on class dev.architectury.event.events.client.ClientGuiEvent$SetScreen
[14Sep2025 01:52:11.022] [modloading-worker-0/ERROR] [net.neoforged.neoforge.common.OnlyInWarningsHandler/]: @OnlyIn used on class dev.architectury.event.events.client.ClientGuiEvent$ScreenInitPost
[14Sep2025 01:52:11.037] [modloading-worker-0/INFO] [net.neoforged.neoforge.common.NeoForgeMod/NEOFORGE-MOD]: NeoForge mod loading, version 21.8.33, for MC 1.21.8
[14Sep2025 01:52:11.150] [modloading-worker-0/INFO] [quack/]: QuackMod initialized!
[14Sep2025 01:52:11.512] [Render thread/WARN] [net.minecraft.server.packs.VanillaPackResourcesBuilder/]: Assets URL 'union:/home/raul/.gradle/caches/fabric-loom/minecraftMaven/net/minecraft/neoforge-21.8.33-minecraft-merged/1.21.8-loom.mappings.1_21_8.layered+hash.1088308426-v2-neoforge-21.8.33/neoforge-21.8.33-minecraft-merged-1.21.8-loom.mappings.1_21_8.layered+hash.1088308426-v2-neoforge-21.8.33.jar%23205!/assets/.mcassetsroot' uses unexpected schema
[14Sep2025 01:52:11.513] [Render thread/WARN] [net.minecraft.server.packs.VanillaPackResourcesBuilder/]: Assets URL 'union:/home/raul/.gradle/caches/fabric-loom/minecraftMaven/net/minecraft/neoforge-21.8.33-minecraft-merged/1.21.8-loom.mappings.1_21_8.layered+hash.1088308426-v2-neoforge-21.8.33/neoforge-21.8.33-minecraft-merged-1.21.8-loom.mappings.1_21_8.layered+hash.1088308426-v2-neoforge-21.8.33.jar%23205!/data/.mcassetsroot' uses unexpected schema
[14Sep2025 01:52:11.532] [Render thread/INFO] [com.mojang.authlib.yggdrasil.YggdrasilAuthenticationService/]: Environment: Environment[sessionHost=https://sessionserver.mojang.com, servicesHost=https://api.minecraftservices.com, name=PROD]
[14Sep2025 01:52:11.537] [Render thread/INFO] [net.minecraft.client.Minecraft/]: Setting user: Dev
[14Sep2025 01:52:11.611] [Render thread/INFO] [net.minecraft.client.Minecraft/]: Backend library: LWJGL version 3.3.3+5
[14Sep2025 01:52:11.690] [Render thread/INFO] [net.minecraft.client.Minecraft/]: Using optional rendering extensions: GL_ARB_buffer_storage, GL_KHR_debug, GL_ARB_vertex_attrib_binding, GL_ARB_direct_state_access
[14Sep2025 01:52:12.346] [Render thread/INFO] [net.minecraft.server.packs.resources.ReloadableResourceManager/]: Reloading ResourceManager: vanilla, mod_resources, mod/generated_9254fac, mod/geckolib, mod/architectury, mod/quack, mod/neoforge
[14Sep2025 01:52:12.384] [resourceLoad/INFO] [net.minecraft.client.gui.font.providers.UnihexProvider/]: Found unifont_pua-16.0.03.hex, loading
[14Sep2025 01:52:12.399] [resourceLoad/INFO] [net.minecraft.client.gui.font.providers.UnihexProvider/]: Found unifont_all_no_pua-16.0.03.hex, loading
[14Sep2025 01:52:12.653] [resourceLoad/INFO] [net.minecraft.client.gui.font.providers.UnihexProvider/]: Found unifont_jp_patch-16.0.03.hex, loading
[14Sep2025 01:52:13.318] [Render thread/INFO] [com.mojang.blaze3d.audio.Library/]: OpenAL initialized on device Bose QuietComfort 35
[14Sep2025 01:52:13.318] [Render thread/INFO] [net.minecraft.client.sounds.SoundEngine/SOUNDS]: Sound engine started
[14Sep2025 01:52:13.420] [Render thread/INFO] [net.minecraft.client.renderer.texture.TextureAtlas/]: Created: 1024x512x4 minecraft:textures/atlas/blocks.png-atlas
[14Sep2025 01:52:13.426] [Render thread/INFO] [net.minecraft.client.renderer.texture.TextureAtlas/]: Created: 256x256x4 minecraft:textures/atlas/signs.png-atlas
[14Sep2025 01:52:13.428] [Render thread/INFO] [net.minecraft.client.renderer.texture.TextureAtlas/]: Created: 512x512x4 minecraft:textures/atlas/shield_patterns.png-atlas
[14Sep2025 01:52:13.428] [Render thread/INFO] [net.minecraft.client.renderer.texture.TextureAtlas/]: Created: 512x512x4 minecraft:textures/atlas/banner_patterns.png-atlas
[14Sep2025 01:52:13.429] [Render thread/INFO] [net.minecraft.client.renderer.texture.TextureAtlas/]: Created: 2048x1024x4 minecraft:textures/atlas/armor_trims.png-atlas
[14Sep2025 01:52:13.433] [Render thread/INFO] [net.minecraft.client.renderer.texture.TextureAtlas/]: Created: 128x64x4 minecraft:textures/atlas/decorated_pot.png-atlas
[14Sep2025 01:52:13.437] [Render thread/INFO] [net.minecraft.client.renderer.texture.TextureAtlas/]: Created: 256x256x4 minecraft:textures/atlas/chest.png-atlas
[14Sep2025 01:52:13.437] [Render thread/INFO] [net.minecraft.client.renderer.texture.TextureAtlas/]: Created: 512x256x4 minecraft:textures/atlas/shulker_boxes.png-atlas
[14Sep2025 01:52:13.437] [Render thread/INFO] [net.minecraft.client.renderer.texture.TextureAtlas/]: Created: 512x256x4 minecraft:textures/atlas/beds.png-atlas
[14Sep2025 01:52:13.440] [Render thread/INFO] [net.minecraft.client.renderer.texture.TextureAtlas/]: Created: 64x64x0 minecraft:textures/atlas/map_decorations.png-atlas
[14Sep2025 01:52:13.492] [Render thread/INFO] [net.minecraft.client.renderer.texture.TextureAtlas/]: Created: 512x256x0 minecraft:textures/atlas/particles.png-atlas
[14Sep2025 01:52:13.493] [Render thread/INFO] [net.minecraft.client.renderer.texture.TextureAtlas/]: Created: 512x256x0 minecraft:textures/atlas/paintings.png-atlas
[14Sep2025 01:52:13.493] [Render thread/INFO] [net.minecraft.client.renderer.texture.TextureAtlas/]: Created: 1024x512x0 minecraft:textures/atlas/gui.png-atlas
[14Sep2025 01:52:13.496] [Render thread/INFO] [net.neoforged.neoforge.client.entity.animation.json.AnimationLoader/]: Loaded 0 entity animations
[14Sep2025 01:52:24.852] [Render thread/INFO] [net.minecraft.client.renderer.DynamicUniformStorage/]: Resizing Dynamic Transforms UBO, capacity limit of 2 reached during a single frame. New capacity will be 4.
[14Sep2025 01:52:25.421] [Worker-Main-2/ERROR] [net.minecraft.server.packs.resources.SimpleJsonResourceReloadListener/]: Couldn't parse data file 'quack:campfire_cooked_duck' from 'quack:recipe/campfire_cooked_duck.json': DataResult.Error['Not a JSON object: "quack:cooked_duck"; Failed to parse either. First: Input does not contain a key [type]: MapLike[{"item":"quack:raw_duck"}]; Second: Failed to parse either. First: Not a string: {"item":"quack:raw_duck"}; Second: Failed to parse either. First: Not a json array: {"item":"quack:raw_duck"}; Second: Not a string: {"item":"quack:raw_duck"}; Input does not contain a key [neoforge:ingredient_type]: MapLike[{"item":"quack:raw_duck"}]']
[14Sep2025 01:52:25.460] [Worker-Main-1/ERROR] [net.minecraft.server.packs.resources.SimpleJsonResourceReloadListener/]: Couldn't parse data file 'quack:breed_ducks' from 'quack:advancement/breed_ducks.json': DataResult.Error['No key id in MapLike[{"item":"quack:duck_spawn_egg"}]': Optional[Advancement[parent=Optional[quack:root], display=Optional.empty, rewards=AdvancementRewards[experience=0, loot=[], recipes=[], function=Optional.empty], criteria={bred_ducks=Criterion[trigger=net.minecraft.advancements.critereon.BredAnimalsTrigger@357d0c24, triggerInstance=TriggerInstance[player=Optional.empty, parent=Optional.empty, partner=Optional.empty, child=Optional[net.minecraft.advancements.critereon.ContextAwarePredicate@72fd3dcc]]]}, requirements=[[bred_ducks]], sendsTelemetryEvent=false, name=Optional.empty]]]
[14Sep2025 01:52:25.462] [Worker-Main-1/ERROR] [net.minecraft.server.packs.resources.SimpleJsonResourceReloadListener/]: Couldn't parse data file 'quack:cooked_duck' from 'quack:advancement/cooked_duck.json': DataResult.Error['No key id in MapLike[{"item":"quack:cooked_duck"}]': Optional[Advancement[parent=Optional[quack:root], display=Optional.empty, rewards=AdvancementRewards[experience=0, loot=[], recipes=[], function=Optional.empty], criteria={has_cooked_duck=Criterion[trigger=net.minecraft.advancements.critereon.InventoryChangeTrigger@46975d79, triggerInstance=TriggerInstance[player=Optional.empty, slots=Slots[occupied=Ints[min=Optional.empty, max=Optional.empty, minSq=Optional.empty, maxSq=Optional.empty], full=Ints[min=Optional.empty, max=Optional.empty, minSq=Optional.empty, maxSq=Optional.empty], empty=Ints[min=Optional.empty, max=Optional.empty, minSq=Optional.empty, maxSq=Optional.empty]], items=[ItemPredicate[items=Optional[DirectSet[[Reference{ResourceKey[minecraft:item / quack:cooked_duck]=quack:cooked_duck}]]], count=Ints[min=Optional.empty, max=Optional.empty, minSq=Optional.empty, maxSq=Optional.empty], components=DataComponentMatchers[exact=[], partial={}]]]]]}, requirements=[[has_cooked_duck]], sendsTelemetryEvent=false, name=Optional.empty]]]
[14Sep2025 01:52:25.470] [Worker-Main-2/ERROR] [net.minecraft.server.packs.resources.SimpleJsonResourceReloadListener/]: Couldn't parse data file 'quack:smoking_cooked_duck' from 'quack:recipe/smoking_cooked_duck.json': DataResult.Error['Not a JSON object: "quack:cooked_duck"; Failed to parse either. First: Input does not contain a key [type]: MapLike[{"item":"quack:raw_duck"}]; Second: Failed to parse either. First: Not a string: {"item":"quack:raw_duck"}; Second: Failed to parse either. First: Not a json array: {"item":"quack:raw_duck"}; Second: Not a string: {"item":"quack:raw_duck"}; Input does not contain a key [neoforge:ingredient_type]: MapLike[{"item":"quack:raw_duck"}]']
[14Sep2025 01:52:25.578] [Worker-Main-1/ERROR] [net.minecraft.server.packs.resources.SimpleJsonResourceReloadListener/]: Couldn't parse data file 'quack:root' from 'quack:advancement/root.json': DataResult.Error['No key id in MapLike[{"item":"quack:duck_spawn_egg"}]': Optional[Advancement[parent=Optional.empty, display=Optional.empty, rewards=AdvancementRewards[experience=0, loot=[], recipes=[], function=Optional.empty], criteria={has_duck_egg=Criterion[trigger=net.minecraft.advancements.critereon.InventoryChangeTrigger@46975d79, triggerInstance=TriggerInstance[player=Optional.empty, slots=Slots[occupied=Ints[min=Optional.empty, max=Optional.empty, minSq=Optional.empty, maxSq=Optional.empty], full=Ints[min=Optional.empty, max=Optional.empty, minSq=Optional.empty, maxSq=Optional.empty], empty=Ints[min=Optional.empty, max=Optional.empty, minSq=Optional.empty, maxSq=Optional.empty]], items=[ItemPredicate[items=Optional[DirectSet[[Reference{ResourceKey[minecraft:item / quack:duck_egg]=quack:duck_egg}]]], count=Ints[min=Optional.empty, max=Optional.empty, minSq=Optional.empty, maxSq=Optional.empty], components=DataComponentMatchers[exact=[], partial={}]]]]], encounter_duck=Criterion[trigger=net.minecraft.advancements.critereon.PlayerHurtEntityTrigger@3cf325ec, triggerInstance=TriggerInstance[player=Optional.empty, damage=Optional.empty, entity=Optional[net.minecraft.advancements.critereon.ContextAwarePredicate@43ad21bd]]]}, requirements=[[has_duck_egg], [encounter_duck]], sendsTelemetryEvent=false, name=Optional.empty]]]
[14Sep2025 01:52:25.583] [Render thread/INFO] [net.minecraft.world.item.crafting.RecipeManager/]: Loaded 1411 recipes
[14Sep2025 01:52:25.594] [Render thread/INFO] [net.minecraft.advancements.AdvancementTree/]: Loaded 1520 advancements
[14Sep2025 01:52:25.595] [Render thread/INFO] [net.neoforged.neoforge.common.crafting.RecipePriorityManager/]: Loaded 0 recipe priority overrides
[14Sep2025 01:52:25.727] [Server thread/INFO] [net.minecraft.client.server.IntegratedServer/]: Starting integrated minecraft server version 1.21.8
[14Sep2025 01:52:25.727] [Server thread/INFO] [net.minecraft.server.MinecraftServer/]: Generating keypair
[14Sep2025 01:52:25.795] [Server thread/ERROR] [net.neoforged.neoforge.server.ServerLifecycleHooks/]: The following entities have not registered to the RegisterSpawnPlacementsEvent, but a spawn entry was found. This will mean that the entity doesn't have restrictions on its spawn location, please register a spawn placement for the entity, you can register with NO_RESTRICTIONS if you don't want any restrictions.
	 - quack:duck
[14Sep2025 01:52:26.037] [Server thread/INFO] [net.minecraft.server.MinecraftServer/]: Preparing start region for dimension minecraft:overworld
[14Sep2025 01:52:26.804] [progressListener/INFO] [net.minecraft.server.level.progress.LoggerChunkProgressListener/]: Preparing spawn area: 0%
[14Sep2025 01:52:26.804] [progressListener/INFO] [net.minecraft.server.level.progress.LoggerChunkProgressListener/]: Preparing spawn area: 0%
[14Sep2025 01:52:26.947] [Server thread/INFO] [net.neoforged.neoforge.server.permission.PermissionAPI/]: Successfully initialized permission handler neoforge:default_handler
[14Sep2025 01:52:26.947] [progressListener/INFO] [net.minecraft.server.level.progress.LoggerChunkProgressListener/]: Time elapsed: 887 ms
[14Sep2025 01:52:27.002] [Server thread/INFO] [net.minecraft.client.server.IntegratedServer/]: Changing view distance to 32, from 10
[14Sep2025 01:52:27.002] [Server thread/INFO] [net.minecraft.client.server.IntegratedServer/]: Changing simulation distance to 32, from 0
[14Sep2025 01:52:27.651] [Server thread/INFO] [net.minecraft.server.players.PlayerList/]: Dev[local:E:e2586b9d] logged in with entity id 70 at (-9.442216678312537, 158.20608259457728, 5.463089208201702)
[14Sep2025 01:52:27.689] [Server thread/INFO] [net.minecraft.server.MinecraftServer/]: Dev joined the game
[14Sep2025 01:52:27.808] [Render thread/INFO] [net.minecraft.advancements.AdvancementTree/]: Loaded 76 advancements
[14Sep2025 01:52:28.198] [Render thread/INFO] [net.minecraft.client.renderer.DynamicUniformStorage/]: Resizing Dynamic Transforms UBO, capacity limit of 4 reached during a single frame. New capacity will be 8.
[14Sep2025 01:52:28.353] [Render thread/INFO] [net.minecraft.client.renderer.DynamicUniformStorage/]: Resizing Dynamic Transforms UBO, capacity limit of 8 reached during a single frame. New capacity will be 16.
[14Sep2025 01:52:28.409] [Render thread/INFO] [net.minecraft.client.renderer.DynamicUniformStorage/]: Resizing Dynamic Transforms UBO, capacity limit of 16 reached during a single frame. New capacity will be 32.
[14Sep2025 01:52:28.483] [Render thread/INFO] [net.minecraft.client.renderer.DynamicUniformStorage/]: Resizing Dynamic Transforms UBO, capacity limit of 32 reached during a single frame. New capacity will be 64.
[14Sep2025 01:52:28.539] [Render thread/INFO] [net.minecraft.client.renderer.DynamicUniformStorage/]: Resizing Dynamic Transforms UBO, capacity limit of 64 reached during a single frame. New capacity will be 128.
[14Sep2025 01:52:28.626] [Render thread/INFO] [net.minecraft.client.renderer.DynamicUniformStorage/]: Resizing Dynamic Transforms UBO, capacity limit of 128 reached during a single frame. New capacity will be 256.
[14Sep2025 01:52:28.815] [Render thread/INFO] [net.minecraft.client.renderer.DynamicUniformStorage/]: Resizing Dynamic Transforms UBO, capacity limit of 256 reached during a single frame. New capacity will be 512.
[14Sep2025 01:52:28.999] [Server thread/INFO] [net.minecraft.client.server.IntegratedServer/]: Saving and pausing game...
[14Sep2025 01:52:29.021] [Server thread/INFO] [net.minecraft.server.MinecraftServer/]: Saving chunks for level 'ServerLevel[New World]'/minecraft:overworld
[14Sep2025 01:52:29.074] [Server thread/INFO] [net.minecraft.server.MinecraftServer/]: Saving chunks for level 'ServerLevel[New World]'/minecraft:the_end
[14Sep2025 01:52:29.075] [Server thread/INFO] [net.minecraft.server.MinecraftServer/]: Saving chunks for level 'ServerLevel[New World]'/minecraft:the_nether
[14Sep2025 01:52:29.120] [Render thread/INFO] [net.minecraft.client.renderer.DynamicUniformStorage/]: Resizing Dynamic Transforms UBO, capacity limit of 512 reached during a single frame. New capacity will be 1024.
[14Sep2025 01:52:29.847] [Render thread/INFO] [net.minecraft.client.Minecraft/]: Stopping!
[14Sep2025 01:52:29.923] [Server thread/INFO] [net.minecraft.server.network.ServerGamePacketListenerImpl/]: Dev lost connection: Disconnected
[14Sep2025 01:52:29.924] [Server thread/INFO] [net.minecraft.server.MinecraftServer/]: Dev left the game
[14Sep2025 01:52:29.946] [Server thread/INFO] [net.minecraft.server.network.ServerCommonPacketListenerImpl/]: Stopping singleplayer server as player logged out
[14Sep2025 01:52:29.991] [Server thread/INFO] [net.minecraft.server.MinecraftServer/]: Stopping server
[14Sep2025 01:52:29.992] [Server thread/INFO] [net.minecraft.server.MinecraftServer/]: Saving players
[14Sep2025 01:52:29.992] [Server thread/INFO] [net.minecraft.server.MinecraftServer/]: Saving worlds
[14Sep2025 01:52:30.295] [Server thread/INFO] [net.minecraft.server.MinecraftServer/]: Saving chunks for level 'ServerLevel[New World]'/minecraft:overworld
[14Sep2025 01:52:31.482] [Server thread/INFO] [net.minecraft.server.MinecraftServer/]: Saving chunks for level 'ServerLevel[New World]'/minecraft:the_end
[14Sep2025 01:52:31.487] [Server thread/INFO] [net.minecraft.server.MinecraftServer/]: Saving chunks for level 'ServerLevel[New World]'/minecraft:the_nether
[14Sep2025 01:52:31.510] [Server thread/INFO] [net.minecraft.server.MinecraftServer/]: ThreadedAnvilChunkStorage (New World): All chunks are saved
[14Sep2025 01:52:31.511] [Server thread/INFO] [net.minecraft.server.MinecraftServer/]: ThreadedAnvilChunkStorage (DIM1): All chunks are saved
[14Sep2025 01:52:31.511] [Server thread/INFO] [net.minecraft.server.MinecraftServer/]: ThreadedAnvilChunkStorage (DIM-1): All chunks are saved
[14Sep2025 01:52:31.511] [Server thread/INFO] [net.minecraft.server.MinecraftServer/]: ThreadedAnvilChunkStorage: All dimensions are saved
