[19:24:00] [main/INFO] (FabricLoader/GameProvider) Loading Minecraft 1.21.8 with Fabric Loader 0.17.2
[19:24:01] [main/INFO] (FabricLoader) Loading 4 mods:
	- fabricloader 0.17.2
	- java 21
	- minecraft 1.21.8
	- mixinextras 0.5.0
[19:24:01] [main/INFO] (FabricLoader/Mixin) SpongePowered MIXIN Subsystem Version=0.8.7 Source=file:/home/raul/.gradle/caches/modules-2/files-2.1/net.fabricmc/sponge-mixin/0.16.3+mixin.0.8.7/3e535042688d1265447e52ad86950b7d9678a5fa/sponge-mixin-0.16.3+mixin.0.8.7.jar Service=Knot/Fabric Env=CLIENT
[19:24:01] [main/INFO] (FabricLoader/Mixin) Loaded Fabric development mappings for mixin remapper!
[19:24:03] [Datafixer Bootstrap/INFO] (Minecraft) 269 Datafixer optimizations took 395 milliseconds
[19:24:06] [Render thread/INFO] (Minecraft) Environment: Environment[sessionHost=https://sessionserver.mojang.com, servicesHost=https://api.minecraftservices.com, name=PROD]
[19:24:06] [Render thread/INFO] (Minecraft) Setting user: Player7
[19:24:06] [Render thread/INFO] (Minecraft) Backend library: LWJGL version 3.3.3-snapshot
[19:24:06] [Render thread/INFO] (Minecraft) Using optional rendering extensions: GL_ARB_buffer_storage, GL_KHR_debug, GL_ARB_vertex_attrib_binding, GL_ARB_direct_state_access
[19:24:06] [Render thread/INFO] (Minecraft) Reloading ResourceManager: vanilla
[19:24:07] [Worker-Main-9/INFO] (Minecraft) Found unifont_all_no_pua-16.0.03.hex, loading
[19:24:07] [Worker-Main-10/INFO] (Minecraft) Found unifont_pua-16.0.03.hex, loading
[19:24:07] [Worker-Main-5/INFO] (Minecraft) Found unifont_jp_patch-16.0.03.hex, loading
[19:24:07] [Render thread/INFO] (Minecraft) OpenAL initialized on device Bose QuietComfort 35
[19:24:07] [Render thread/INFO] (Minecraft) Sound engine started
[19:24:07] [Render thread/INFO] (Minecraft) Created: 1024x512x4 minecraft:textures/atlas/blocks.png-atlas
[19:24:07] [Render thread/INFO] (Minecraft) Created: 256x256x4 minecraft:textures/atlas/signs.png-atlas
[19:24:07] [Render thread/INFO] (Minecraft) Created: 512x512x4 minecraft:textures/atlas/banner_patterns.png-atlas
[19:24:07] [Render thread/INFO] (Minecraft) Created: 512x512x4 minecraft:textures/atlas/shield_patterns.png-atlas
[19:24:07] [Render thread/INFO] (Minecraft) Created: 2048x1024x4 minecraft:textures/atlas/armor_trims.png-atlas
[19:24:07] [Render thread/INFO] (Minecraft) Created: 256x256x4 minecraft:textures/atlas/chest.png-atlas
[19:24:07] [Render thread/INFO] (Minecraft) Created: 128x64x4 minecraft:textures/atlas/decorated_pot.png-atlas
[19:24:07] [Render thread/INFO] (Minecraft) Created: 512x256x4 minecraft:textures/atlas/beds.png-atlas
[19:24:07] [Render thread/INFO] (Minecraft) Created: 512x256x4 minecraft:textures/atlas/shulker_boxes.png-atlas
[19:24:07] [Render thread/INFO] (Minecraft) Created: 64x64x0 minecraft:textures/atlas/map_decorations.png-atlas
[19:24:08] [Render thread/INFO] (Minecraft) Created: 512x256x0 minecraft:textures/atlas/particles.png-atlas
[19:24:08] [Render thread/INFO] (Minecraft) Created: 512x256x0 minecraft:textures/atlas/paintings.png-atlas
[19:24:08] [Render thread/INFO] (Minecraft) Created: 1024x512x0 minecraft:textures/atlas/gui.png-atlas
[19:24:12] [Render thread/INFO] (Minecraft) Loaded 1407 recipes
[19:24:12] [Render thread/INFO] (Minecraft) Loaded 1520 advancements
[19:24:12] [Server thread/INFO] (Minecraft) Starting integrated minecraft server version 1.21.8
[19:24:12] [Server thread/INFO] (Minecraft) Generating keypair
[19:24:12] [Server thread/INFO] (Minecraft) Preparing start region for dimension minecraft:overworld
[19:24:13] [Render thread/INFO] (Minecraft) Preparing spawn area: 0%
[19:24:13] [Render thread/INFO] (Minecraft) Preparing spawn area: 0%
[19:24:13] [Render thread/INFO] (Minecraft) Time elapsed: 899 ms
[19:24:13] [Server thread/INFO] (Minecraft) Changing view distance to 12, from 10
[19:24:13] [Server thread/INFO] (Minecraft) Changing simulation distance to 12, from 0
[19:24:14] [Server thread/INFO] (Minecraft) Player7[local:E:fd104da6] logged in with entity id 65 at (17.220068106713544, 80.86859856141189, -37.63904283778118)
[19:24:14] [Server thread/INFO] (Minecraft) Player7 joined the game
[19:24:14] [Render thread/INFO] (Minecraft) Loaded 2 advancements
[19:24:14] [Render thread/INFO] (Minecraft) Resizing Dynamic Transforms UBO, capacity limit of 2 reached during a single frame. New capacity will be 4.
[19:24:14] [Render thread/INFO] (Minecraft) Resizing Dynamic Transforms UBO, capacity limit of 4 reached during a single frame. New capacity will be 8.
[19:24:14] [Render thread/INFO] (Minecraft) Resizing Dynamic Transforms UBO, capacity limit of 8 reached during a single frame. New capacity will be 16.
[19:24:14] [Render thread/INFO] (Minecraft) Resizing Dynamic Transforms UBO, capacity limit of 16 reached during a single frame. New capacity will be 32.
[19:24:14] [Render thread/INFO] (Minecraft) Resizing Dynamic Transforms UBO, capacity limit of 32 reached during a single frame. New capacity will be 64.
[19:24:14] [Render thread/INFO] (Minecraft) Resizing Dynamic Transforms UBO, capacity limit of 64 reached during a single frame. New capacity will be 128.
[19:24:15] [Render thread/INFO] (Minecraft) Resizing Dynamic Transforms UBO, capacity limit of 128 reached during a single frame. New capacity will be 256.
[19:24:15] [Render thread/INFO] (Minecraft) Resizing Dynamic Transforms UBO, capacity limit of 256 reached during a single frame. New capacity will be 512.
[19:24:15] [Render thread/INFO] (Minecraft) Resizing Dynamic Transforms UBO, capacity limit of 512 reached during a single frame. New capacity will be 1024.
[19:24:18] [Server thread/INFO] (Minecraft) Saving and pausing game...
[19:24:18] [Server thread/INFO] (Minecraft) Saving chunks for level 'ServerLevel[New World]'/minecraft:overworld
[19:24:18] [Server thread/INFO] (Minecraft) Saving chunks for level 'ServerLevel[New World]'/minecraft:the_end
[19:24:18] [Server thread/INFO] (Minecraft) Saving chunks for level 'ServerLevel[New World]'/minecraft:the_nether
[19:24:19] [Render thread/INFO] (Minecraft) Stopping!
[19:24:19] [Server thread/INFO] (Minecraft) Player7 lost connection: Disconnected
[19:24:19] [Server thread/INFO] (Minecraft) Player7 left the game
[19:24:19] [Server thread/INFO] (Minecraft) Stopping singleplayer server as player logged out
[19:24:19] [Server thread/INFO] (Minecraft) Stopping server
[19:24:19] [Server thread/INFO] (Minecraft) Saving players
[19:24:19] [Server thread/INFO] (Minecraft) Saving worlds
[19:24:19] [Server thread/INFO] (Minecraft) Saving chunks for level 'ServerLevel[New World]'/minecraft:overworld
[19:24:19] [Server thread/INFO] (Minecraft) Saving chunks for level 'ServerLevel[New World]'/minecraft:the_end
[19:24:19] [Server thread/INFO] (Minecraft) Saving chunks for level 'ServerLevel[New World]'/minecraft:the_nether
[19:24:19] [Server thread/INFO] (Minecraft) ThreadedAnvilChunkStorage (New World): All chunks are saved
[19:24:19] [Server thread/INFO] (Minecraft) ThreadedAnvilChunkStorage (DIM1): All chunks are saved
[19:24:19] [Server thread/INFO] (Minecraft) ThreadedAnvilChunkStorage (DIM-1): All chunks are saved
[19:24:19] [Server thread/INFO] (Minecraft) ThreadedAnvilChunkStorage: All dimensions are saved
